Command line invocation:
    /Applications/Xcode_16.4.app/Contents/Developer/usr/bin/xcodebuild archive -workspace ./Translate_Now.xcworkspace -scheme Translate_Now -configuration Release -destination generic/platform=iOS -archivePath /Users/runner/work/Translate_Now/Translate_Now/build.xcarchive

ComputePackagePrebuildTargetDependencyGraph

Prepare packages

CreateBuildRequest

SendProjectDescription

CreateBuildOperation

ComputeTargetDependencyGraph
note: Building targets in dependency order
note: Target dependency graph (26 targets)
    Target 'Translate_Now' in project 'Translate_Now'
        ➜ Implicit dependency on target 'Pods-Translate_Now' in project 'Pods' via file 'Pods_Translate_Now.framework' in build phase 'Link Binary'
        ➜ Implicit dependency on target 'PromisesObjC' in project 'Pods' via options '-framework FBLPromises' in build setting 'OTHER_LDFLAGS'
        ➜ Implicit dependency on target 'GTMSessionFetcher' in project 'Pods' via options '-framework GTMSessionFetcher' in build setting 'OTHER_LDFLAGS'
        ➜ Implicit dependency on target 'GoogleDataTransport' in project 'Pods' via options '-framework GoogleDataTransport' in build setting 'OTHER_LDFLAGS'
        ➜ Implicit dependency on target 'GoogleToolboxForMac' in project 'Pods' via options '-framework GoogleToolboxForMac' in build setting 'OTHER_LDFLAGS'
        ➜ Implicit dependency on target 'GoogleUtilities' in project 'Pods' via options '-framework GoogleUtilities' in build setting 'OTHER_LDFLAGS'
        ➜ Implicit dependency on target 'PMKit' in project 'Pods' via options '-framework PMKit' in build setting 'OTHER_LDFLAGS'
        ➜ Implicit dependency on target 'SSZipArchive' in project 'Pods' via options '-framework SSZipArchive' in build setting 'OTHER_LDFLAGS'
        ➜ Implicit dependency on target 'nanopb' in project 'Pods' via options '-framework nanopb' in build setting 'OTHER_LDFLAGS'
    Target 'Pods-Translate_Now' in project 'Pods'
        ➜ Explicit dependency on target 'GTMSessionFetcher' in project 'Pods'
        ➜ Explicit dependency on target 'GoogleDataTransport' in project 'Pods'
        ➜ Explicit dependency on target 'GoogleMLKit' in project 'Pods'
        ➜ Explicit dependency on target 'GoogleToolboxForMac' in project 'Pods'
        ➜ Explicit dependency on target 'GoogleUtilities' in project 'Pods'
        ➜ Explicit dependency on target 'MLKitCommon' in project 'Pods'
        ➜ Explicit dependency on target 'MLKitNaturalLanguage' in project 'Pods'
        ➜ Explicit dependency on target 'MLKitTranslate' in project 'Pods'
        ➜ Explicit dependency on target 'PMKit' in project 'Pods'
        ➜ Explicit dependency on target 'PromisesObjC' in project 'Pods'
        ➜ Explicit dependency on target 'SSZipArchive' in project 'Pods'
        ➜ Explicit dependency on target 'UMAPM' in project 'Pods'
        ➜ Explicit dependency on target 'UMCommon' in project 'Pods'
        ➜ Explicit dependency on target 'UMDevice' in project 'Pods'
        ➜ Explicit dependency on target 'nanopb' in project 'Pods'
    Target 'PMKit' in project 'Pods'
        ➜ Explicit dependency on target 'UMAPM' in project 'Pods'
        ➜ Explicit dependency on target 'UMCommon' in project 'Pods'
        ➜ Explicit dependency on target 'UMDevice' in project 'Pods'
    Target 'UMAPM' in project 'Pods'
        ➜ Explicit dependency on target 'UMCommon' in project 'Pods'
    Target 'UMCommon' in project 'Pods'
        ➜ Explicit dependency on target 'UMDevice' in project 'Pods'
    Target 'UMDevice' in project 'Pods' (no dependencies)
    Target 'GoogleMLKit' in project 'Pods'
        ➜ Explicit dependency on target 'MLKitCommon' in project 'Pods'
        ➜ Explicit dependency on target 'MLKitTranslate' in project 'Pods'
    Target 'MLKitTranslate' in project 'Pods'
        ➜ Explicit dependency on target 'MLKitNaturalLanguage' in project 'Pods'
        ➜ Explicit dependency on target 'MLKitTranslate-MLKitTranslate_resource' in project 'Pods'
        ➜ Explicit dependency on target 'SSZipArchive' in project 'Pods'
    Target 'SSZipArchive' in project 'Pods'
        ➜ Explicit dependency on target 'SSZipArchive-SSZipArchive' in project 'Pods'
    Target 'SSZipArchive-SSZipArchive' in project 'Pods' (no dependencies)
    Target 'MLKitTranslate-MLKitTranslate_resource' in project 'Pods' (no dependencies)
    Target 'MLKitNaturalLanguage' in project 'Pods'
        ➜ Explicit dependency on target 'GoogleToolboxForMac' in project 'Pods'
        ➜ Explicit dependency on target 'GTMSessionFetcher' in project 'Pods'
        ➜ Explicit dependency on target 'MLKitCommon' in project 'Pods'
    Target 'MLKitCommon' in project 'Pods'
        ➜ Explicit dependency on target 'GoogleDataTransport' in project 'Pods'
        ➜ Explicit dependency on target 'GoogleToolboxForMac' in project 'Pods'
        ➜ Explicit dependency on target 'GoogleUtilities' in project 'Pods'
        ➜ Explicit dependency on target 'GTMSessionFetcher' in project 'Pods'
    Target 'GoogleUtilities' in project 'Pods'
        ➜ Explicit dependency on target 'GoogleUtilities-GoogleUtilities_Privacy' in project 'Pods'
    Target 'GoogleUtilities-GoogleUtilities_Privacy' in project 'Pods' (no dependencies)
    Target 'GoogleToolboxForMac' in project 'Pods'
        ➜ Explicit dependency on target 'GoogleToolboxForMac-GoogleToolboxForMac_Logger_Privacy' in project 'Pods'
        ➜ Explicit dependency on target 'GoogleToolboxForMac-GoogleToolboxForMac_Privacy' in project 'Pods'
    Target 'GoogleToolboxForMac-GoogleToolboxForMac_Privacy' in project 'Pods' (no dependencies)
    Target 'GoogleToolboxForMac-GoogleToolboxForMac_Logger_Privacy' in project 'Pods' (no dependencies)
    Target 'GoogleDataTransport' in project 'Pods'
        ➜ Explicit dependency on target 'GoogleDataTransport-GoogleDataTransport_Privacy' in project 'Pods'
        ➜ Explicit dependency on target 'PromisesObjC' in project 'Pods'
        ➜ Explicit dependency on target 'nanopb' in project 'Pods'
    Target 'GoogleDataTransport-GoogleDataTransport_Privacy' in project 'Pods'
        ➜ Implicit dependency on target 'PromisesObjC' in project 'Pods' via options '-framework FBLPromises' in build setting 'OTHER_LDFLAGS'
        ➜ Implicit dependency on target 'nanopb' in project 'Pods' via options '-framework nanopb' in build setting 'OTHER_LDFLAGS'
    Target 'nanopb' in project 'Pods'
        ➜ Explicit dependency on target 'nanopb-nanopb_Privacy' in project 'Pods'
    Target 'nanopb-nanopb_Privacy' in project 'Pods' (no dependencies)
    Target 'PromisesObjC' in project 'Pods'
        ➜ Explicit dependency on target 'PromisesObjC-FBLPromises_Privacy' in project 'Pods'
    Target 'PromisesObjC-FBLPromises_Privacy' in project 'Pods' (no dependencies)
    Target 'GTMSessionFetcher' in project 'Pods'
        ➜ Explicit dependency on target 'GTMSessionFetcher-GTMSessionFetcher_Core_Privacy' in project 'Pods'
    Target 'GTMSessionFetcher-GTMSessionFetcher_Core_Privacy' in project 'Pods' (no dependencies)

GatherProvisioningInputs

CreateBuildDescription

ExecuteExternalTool /Applications/Xcode_16.4.app/Contents/Developer/Toolchains/XcodeDefault.xctoolchain/usr/bin/clang -v -E -dM -arch arm64 -isysroot /Applications/Xcode_16.4.app/Contents/Developer/Platforms/iPhoneOS.platform/Developer/SDKs/iPhoneOS18.5.sdk -x c -c /dev/null

ExecuteExternalTool /Applications/Xcode_16.4.app/Contents/Developer/Toolchains/XcodeDefault.xctoolchain/usr/bin/clang -v -E -dM -isysroot /Applications/Xcode_16.4.app/Contents/Developer/Platforms/iPhoneOS.platform/Developer/SDKs/iPhoneOS18.5.sdk -x c -c /dev/null

ExecuteExternalTool /Applications/Xcode_16.4.app/Contents/Developer/Toolchains/XcodeDefault.xctoolchain/usr/bin/clang -v -E -dM -arch arm64 -isysroot /Applications/Xcode_16.4.app/Contents/Developer/Platforms/iPhoneOS.platform/Developer/SDKs/iPhoneOS18.5.sdk -x objective-c -c /dev/null

ExecuteExternalTool /Applications/Xcode_16.4.app/Contents/Developer/usr/bin/actool --print-asset-tag-combinations --output-format xml1 /Users/runner/work/Translate_Now/Translate_Now/Translate_Now/Resources/Assets.xcassets

ExecuteExternalTool /Applications/Xcode_16.4.app/Contents/Developer/Toolchains/XcodeDefault.xctoolchain/usr/bin/ld -version_details

ExecuteExternalTool /Applications/Xcode_16.4.app/Contents/Developer/Toolchains/XcodeDefault.xctoolchain/usr/bin/swiftc --version

ExecuteExternalTool /Applications/Xcode_16.4.app/Contents/Developer/Toolchains/XcodeDefault.xctoolchain/usr/bin/libtool -V

ExecuteExternalTool /Applications/Xcode_16.4.app/Contents/Developer/usr/bin/actool --version --output-format xml1

Build description signature: ca5f7c3d63c3a158851791249d5324e7
Build description path: /Users/runner/Library/Developer/Xcode/DerivedData/Translate_Now-caaufwnzbwhmqzfxzhkszccwdhbk/Build/Intermediates.noindex/ArchiveIntermediates/Translate_Now/IntermediateBuildFilesPath/XCBuildData/ca5f7c3d63c3a158851791249d5324e7.xcbuilddata
note: Disabling previews because SWIFT_VERSION is set and SWIFT_OPTIMIZATION_LEVEL=-O, expected -Onone (in target 'GoogleMLKit' from project 'Pods')
/Users/runner/work/Translate_Now/Translate_Now/Pods/Pods.xcodeproj: warning: The iOS deployment target 'IPHONEOS_DEPLOYMENT_TARGET' is set to 10.0, but the range of supported deployment target versions is 12.0 to 18.5.99. (in target 'GoogleToolboxForMac' from project 'Pods')
note: Disabling previews because SWIFT_VERSION is set and SWIFT_OPTIMIZATION_LEVEL=-O, expected -Onone (in target 'GoogleToolboxForMac' from project 'Pods')
/Users/runner/work/Translate_Now/Translate_Now/Pods/Pods.xcodeproj: warning: The iOS deployment target 'IPHONEOS_DEPLOYMENT_TARGET' is set to 10.0, but the range of supported deployment target versions is 12.0 to 18.5.99. (in target 'GoogleToolboxForMac-GoogleToolboxForMac_Logger_Privacy' from project 'Pods')
note: Disabling previews because SWIFT_VERSION is set and SWIFT_OPTIMIZATION_LEVEL=-O, expected -Onone (in target 'GoogleToolboxForMac-GoogleToolboxForMac_Logger_Privacy' from project 'Pods')
/Users/runner/work/Translate_Now/Translate_Now/Pods/Pods.xcodeproj: warning: The iOS deployment target 'IPHONEOS_DEPLOYMENT_TARGET' is set to 10.0, but the range of supported deployment target versions is 12.0 to 18.5.99. (in target 'GTMSessionFetcher-GTMSessionFetcher_Core_Privacy' from project 'Pods')
note: Disabling previews because SWIFT_VERSION is set and SWIFT_OPTIMIZATION_LEVEL=-O, expected -Onone (in target 'GTMSessionFetcher-GTMSessionFetcher_Core_Privacy' from project 'Pods')
note: Disabling previews because SWIFT_VERSION is set and SWIFT_OPTIMIZATION_LEVEL=-O, expected -Onone (in target 'PMKit' from project 'Pods')
note: Disabling previews because SWIFT_VERSION is set and SWIFT_OPTIMIZATION_LEVEL=-O, expected -Onone (in target 'nanopb' from project 'Pods')
note: Disabling previews because SWIFT_VERSION is set and SWIFT_OPTIMIZATION_LEVEL=-O, expected -Onone (in target 'MLKitNaturalLanguage' from project 'Pods')
/Users/runner/work/Translate_Now/Translate_Now/Pods/Pods.xcodeproj: warning: The iOS deployment target 'IPHONEOS_DEPLOYMENT_TARGET' is set to 9.0, but the range of supported deployment target versions is 12.0 to 18.5.99. (in target 'PromisesObjC-FBLPromises_Privacy' from project 'Pods')
note: Disabling previews because SWIFT_VERSION is set and SWIFT_OPTIMIZATION_LEVEL=-O, expected -Onone (in target 'PromisesObjC-FBLPromises_Privacy' from project 'Pods')
/Users/runner/work/Translate_Now/Translate_Now/Pods/Pods.xcodeproj: warning: The iOS deployment target 'IPHONEOS_DEPLOYMENT_TARGET' is set to 9.0, but the range of supported deployment target versions is 12.0 to 18.5.99. (in target 'UMCommon' from project 'Pods')
note: Disabling previews because SWIFT_VERSION is set and SWIFT_OPTIMIZATION_LEVEL=-O, expected -Onone (in target 'UMCommon' from project 'Pods')
note: Disabling previews because SWIFT_VERSION is set and SWIFT_OPTIMIZATION_LEVEL=-O, expected -Onone (in target 'SSZipArchive-SSZipArchive' from project 'Pods')
note: Disabling previews because SWIFT_VERSION is set and SWIFT_OPTIMIZATION_LEVEL=-O, expected -Onone (in target 'Pods-Translate_Now' from project 'Pods')
note: Disabling previews because SWIFT_VERSION is set and SWIFT_OPTIMIZATION_LEVEL=-O, expected -Onone (in target 'SSZipArchive' from project 'Pods')
/Users/runner/work/Translate_Now/Translate_Now/Translate_Now.xcodeproj: error: "Translate_Now" requires a provisioning profile. Select a provisioning profile in the Signing & Capabilities editor. (in target 'Translate_Now' from project 'Translate_Now')
note: Disabling previews because SWIFT_VERSION is set and SWIFT_OPTIMIZATION_LEVEL=-O, expected -Onone (in target 'Translate_Now' from project 'Translate_Now')
note: Disabling previews because SWIFT_VERSION is set and SWIFT_OPTIMIZATION_LEVEL=-O, expected -Onone (in target 'GoogleDataTransport-GoogleDataTransport_Privacy' from project 'Pods')
/Users/runner/work/Translate_Now/Translate_Now/Pods/Pods.xcodeproj: warning: The iOS deployment target 'IPHONEOS_DEPLOYMENT_TARGET' is set to 9.0, but the range of supported deployment target versions is 12.0 to 18.5.99. (in target 'UMDevice' from project 'Pods')
note: Disabling previews because SWIFT_VERSION is set and SWIFT_OPTIMIZATION_LEVEL=-O, expected -Onone (in target 'UMDevice' from project 'Pods')
note: Disabling previews because SWIFT_VERSION is set and SWIFT_OPTIMIZATION_LEVEL=-O, expected -Onone (in target 'nanopb-nanopb_Privacy' from project 'Pods')
note: Disabling previews because SWIFT_VERSION is set and SWIFT_OPTIMIZATION_LEVEL=-O, expected -Onone (in target 'MLKitTranslate-MLKitTranslate_resource' from project 'Pods')
/Users/runner/work/Translate_Now/Translate_Now/Pods/Pods.xcodeproj: warning: The iOS deployment target 'IPHONEOS_DEPLOYMENT_TARGET' is set to 10.0, but the range of supported deployment target versions is 12.0 to 18.5.99. (in target 'GTMSessionFetcher' from project 'Pods')
note: Disabling previews because SWIFT_VERSION is set and SWIFT_OPTIMIZATION_LEVEL=-O, expected -Onone (in target 'GTMSessionFetcher' from project 'Pods')
/Users/runner/work/Translate_Now/Translate_Now/Pods/Pods.xcodeproj: warning: The iOS deployment target 'IPHONEOS_DEPLOYMENT_TARGET' is set to 9.0, but the range of supported deployment target versions is 12.0 to 18.5.99. (in target 'UMAPM' from project 'Pods')
note: Disabling previews because SWIFT_VERSION is set and SWIFT_OPTIMIZATION_LEVEL=-O, expected -Onone (in target 'UMAPM' from project 'Pods')
note: Disabling previews because SWIFT_VERSION is set and SWIFT_OPTIMIZATION_LEVEL=-O, expected -Onone (in target 'GoogleUtilities-GoogleUtilities_Privacy' from project 'Pods')
note: Disabling previews because SWIFT_VERSION is set and SWIFT_OPTIMIZATION_LEVEL=-O, expected -Onone (in target 'MLKitCommon' from project 'Pods')
note: Disabling previews because SWIFT_VERSION is set and SWIFT_OPTIMIZATION_LEVEL=-O, expected -Onone (in target 'MLKitTranslate' from project 'Pods')
note: Disabling previews because SWIFT_VERSION is set and SWIFT_OPTIMIZATION_LEVEL=-O, expected -Onone (in target 'GoogleUtilities' from project 'Pods')
/Users/runner/work/Translate_Now/Translate_Now/Pods/Pods.xcodeproj: warning: The iOS deployment target 'IPHONEOS_DEPLOYMENT_TARGET' is set to 10.0, but the range of supported deployment target versions is 12.0 to 18.5.99. (in target 'GoogleToolboxForMac-GoogleToolboxForMac_Privacy' from project 'Pods')
note: Disabling previews because SWIFT_VERSION is set and SWIFT_OPTIMIZATION_LEVEL=-O, expected -Onone (in target 'GoogleToolboxForMac-GoogleToolboxForMac_Privacy' from project 'Pods')
/Users/runner/work/Translate_Now/Translate_Now/Pods/Pods.xcodeproj: warning: The iOS deployment target 'IPHONEOS_DEPLOYMENT_TARGET' is set to 9.0, but the range of supported deployment target versions is 12.0 to 18.5.99. (in target 'PromisesObjC' from project 'Pods')
note: Disabling previews because SWIFT_VERSION is set and SWIFT_OPTIMIZATION_LEVEL=-O, expected -Onone (in target 'PromisesObjC' from project 'Pods')
note: Disabling previews because SWIFT_VERSION is set and SWIFT_OPTIMIZATION_LEVEL=-O, expected -Onone (in target 'GoogleDataTransport' from project 'Pods')
** ARCHIVE FAILED **


The following build commands failed:
	Archiving workspace Translate_Now with scheme Translate_Now
(1 failure)
