Running altool at path '/Applications/Xcode_16.4.app/Contents/SharedFrameworks/ContentDeliveryServices.framework/Frameworks/AppStoreService.framework/Support/altool'...
2026-04-01 11:06:48.131 ERROR: [altool.6000016041C0] [ContentDelivery.Uploader.6000016041C0] Validation failed (409) Invalid Version. The build with the version “1.0.1” can’t be imported because a later version has been closed for new build submissions. Choose a different version number. (ID: 994f3e0c-8814-4263-aca1-305524aeca93)
2026-04-01 11:06:48.132 ERROR: [altool.6000016041C0] [ContentDelivery.Uploader.6000016041C0] Validation failed (409) Invalid Pre-Release Train. The train version '1.0.0' is closed for new build submissions (ID: 49928133-43a9-45cb-98ef-b4c99822ebab)
2026-04-01 11:06:48.132 ERROR: [altool.6000016041C0] [ContentDelivery.Uploader.6000016041C0] Validation failed (409) This bundle is invalid. The value for key CFBundleShortVersionString [1.0.0] in the Info.plist file must contain a higher version than that of the previously approved version [1.0.1]. Please find more information about CFBundleShortVersionString at https://developer.apple.com/documentation/bundleresources/information_property_list/cfbundleshortversionstring (ID: 173f719c-7669-42aa-a0e5-412442560240)
2026-04-01 11:06:58.249  INFO: [altool.6000016041C0] [ContentDelivery.Uploader.6000016041C0] 
=======================================
UPLOAD FAILED with 3 errors, 0 warnings, 0 messages
=======================================
2026-04-01 11:06:58.251 ERROR: [altool.6000016041C0] Error uploading 'DocumentPdfApp.ipa/DocumentPdfApp.ipa'.
2026-04-01 11:06:58.251 ERROR: [altool.6000016041C0] Validation failed Invalid Version. The build with the version “1.0.1” can’t be imported because a later version has been closed for new build submissions. Choose a different version number. (ID: 994f3e0c-8814-4263-aca1-305524aeca93) (409)
 {
    NSLocalizedDescription = "Validation failed";
    NSLocalizedFailureReason = "Invalid Version. The build with the version \U201c1.0.1\U201d can\U2019t be imported because a later version has been closed for new build submissions. Choose a different version number. (ID: 994f3e0c-8814-4263-aca1-305524aeca93)";
    NSUnderlyingError = "Error Domain=IrisAPI Code=-19241 \"Validation failed\" UserInfo={status=409, detail=Invalid Version. The build with the version \U201c1.0.1\U201d can\U2019t be imported because a later version has been closed for new build submissions. Choose a different version number., id=994f3e0c-8814-4263-aca1-305524aeca93, code=STATE_ERROR.VALIDATION_ERROR, title=Validation failed, NSLocalizedFailureReason=Invalid Version. The build with the version \U201c1.0.1\U201d can\U2019t be imported because a later version has been closed for new build submissions. Choose a different version number., NSLocalizedDescription=Validation failed}";
    "iris-code" = "STATE_ERROR.VALIDATION_ERROR";
}
2026-04-01 11:06:58.251 ERROR: [altool.6000016041C0] Validation failed Invalid Pre-Release Train. The train version '1.0.0' is closed for new build submissions (ID: 49928133-43a9-45cb-98ef-b4c99822ebab) (409)
 {
    NSLocalizedDescription = "Validation failed";
    NSLocalizedFailureReason = "Invalid Pre-Release Train. The train version '1.0.0' is closed for new build submissions (ID: 49928133-43a9-45cb-98ef-b4c99822ebab)";
    NSUnderlyingError = "Error Domain=IrisAPI Code=-19241 \"Validation failed\" UserInfo={status=409, detail=Invalid Pre-Release Train. The train version '1.0.0' is closed for new build submissions, id=49928133-43a9-45cb-98ef-b4c99822ebab, code=STATE_ERROR.VALIDATION_ERROR, title=Validation failed, NSLocalizedFailureReason=Invalid Pre-Release Train. The train version '1.0.0' is closed for new build submissions, NSLocalizedDescription=Validation failed}";
    "iris-code" = "STATE_ERROR.VALIDATION_ERROR";
}
2026-04-01 11:06:58.251 ERROR: [altool.6000016041C0] Validation failed This bundle is invalid. The value for key CFBundleShortVersionString [1.0.0] in the Info.plist file must contain a higher version than that of the previously approved version [1.0.1]. Please find more information about CFBundleShortVersionString at https://developer.apple.com/documentation/bundleresources/information_property_list/cfbundleshortversionstring (ID: 173f719c-7669-42aa-a0e5-412442560240) (409)
 {
    NSLocalizedDescription = "Validation failed";
    NSLocalizedFailureReason = "This bundle is invalid. The value for key CFBundleShortVersionString [1.0.0] in the Info.plist file must contain a higher version than that of the previously approved version [1.0.1]. Please find more information about CFBundleShortVersionString at https://developer.apple.com/documentation/bundleresources/information_property_list/cfbundleshortversionstring (ID: 173f719c-7669-42aa-a0e5-412442560240)";
    NSUnderlyingError = "Error Domain=IrisAPI Code=-19241 \"Validation failed\" UserInfo={status=409, detail=This bundle is invalid. The value for key CFBundleShortVersionString [1.0.0] in the Info.plist file must contain a higher version than that of the previously approved version [1.0.1]. Please find more information about CFBundleShortVersionString at https://developer.apple.com/documentation/bundleresources/information_property_list/cfbundleshortversionstring, id=173f719c-7669-42aa-a0e5-412442560240, code=STATE_ERROR.VALIDATION_ERROR, title=Validation failed, NSLocalizedFailureReason=This bundle is invalid. The value for key CFBundleShortVersionString [1.0.0] in the Info.plist file must contain a higher version than that of the previously approved version [1.0.1]. Please find more information about CFBundleShortVersionString at https://developer.apple.com/documentation/bundleresources/information_property_list/cfbundleshortversionstring, NSLocalizedDescription=Validation failed}";
    "iris-code" = "STATE_ERROR.VALIDATION_ERROR";
}
