Running altool at path '/Applications/Xcode_26.3.app/Contents/SharedFrameworks/ContentDelivery.framework/Resources/altool'...

2026-04-16 07:11:51.826 ERROR: [ContentDelivery.Uploader.600003A184C0] 
=======================================
UPLOAD FAILED with 2 errors
=======================================
2026-04-16 07:11:51.827 ERROR: [altool.600003A184C0] Validation failed (409) Invalid Pre-Release Train. The train version '1.0.5' is closed for new build submissions (ID: e4fbfcd9-f2ac-444b-ada3-3e0554222170)
   NSUnderlyingError : Validation failed (-19241) Invalid Pre-Release Train. The train version '1.0.5' is closed for new build submissions
      status : 409
      detail : Invalid Pre-Release Train. The train version '1.0.5' is closed for new build submissions
      id : e4fbfcd9-f2ac-444b-ada3-3e0554222170
      code : STATE_ERROR.VALIDATION_ERROR
      title : Validation failed
   iris-code : STATE_ERROR.VALIDATION_ERROR
Validation failed (409) This bundle is invalid. The value for key CFBundleShortVersionString [1.0.5] in the Info.plist file must contain a higher version than that of the previously approved version [1.0.5]. Please find more information about CFBundleShortVersionString at https://developer.apple.com/documentation/bundleresources/information_property_list/cfbundleshortversionstring (ID: 2455b179-5400-48ff-a39c-d97fff1cfd99)
   NSUnderlyingError : Validation failed (-19241) This bundle is invalid. The value for key CFBundleShortVersionString [1.0.5] in the Info.plist file must contain a higher version than that of the previously approved version [1.0.5]. Please find more information about CFBundleShortVersionString at https://developer.apple.com/documentation/bundleresources/information_property_list/cfbundleshortversionstring
      status : 409
      detail : This bundle is invalid. The value for key CFBundleShortVersionString [1.0.5] in the Info.plist file must contain a higher version than that of the previously approved version [1.0.5]. Please find more information about CFBundleShortVersionString at https://developer.apple.com/documentation/bundleresources/information_property_list/cfbundleshortversionstring
      id : 2455b179-5400-48ff-a39c-d97fff1cfd99
      code : STATE_ERROR.VALIDATION_ERROR
      title : Validation failed
   iris-code : STATE_ERROR.VALIDATION_ERROR
Failed to upload package.
